{"message":"SQLSTATE[HY000] [1049] Unknown database 'newbase'","context":{"context":"DAO","part":null,"extra":null},"level":400,"level_name":"ERROR","channel":"s5eba88171e3f4","datetime":"2020-05-12T13:27:48.726447+02:00","extra":{}}
{"message":"SQLSTATE[HY000] [1049] Unknown database 'newbase'","context":{"context":"DAO","part":null,"extra":null},"level":400,"level_name":"ERROR","channel":"s5eba88171e3f4","datetime":"2020-05-12T13:28:17.304526+02:00","extra":{}}
{"message":"Start transaction","context":{"context":"Transactions","part":"beginTransaction","extra":null},"level":200,"level_name":"INFO","channel":"s5eba88171e3f4","datetime":"2020-05-12T13:28:17.399549+02:00","extra":{}}
{"message":"Commit transaction","context":{"context":"Transactions","part":"commit","extra":null},"level":200,"level_name":"INFO","channel":"s5eba88171e3f4","datetime":"2020-05-12T13:28:19.152939+02:00","extra":{}}
{"message":"SELECT COUNT(*) FROM `inscription`","context":{"context":"Database","part":"prepareAndFetchColumn","extra":null},"level":200,"level_name":"INFO","channel":"s5eba88171e3f4","datetime":"2020-05-12T13:30:26.586830+02:00","extra":{}}
{"message":"Route found for /_default/ : controllers\\IndexController/index","context":{"context":"Router","part":"getRouteUrlParts","extra":null},"level":200,"level_name":"INFO","channel":"s5eba88171e3f4","datetime":"2020-05-12T13:41:05.522286+02:00","extra":{}}
{"message":"SELECT COUNT(*) FROM `inscription`","context":{"context":"Database","part":"prepareAndFetchColumn","extra":null},"level":200,"level_name":"INFO","channel":"s5eba88171e3f4","datetime":"2020-05-12T13:41:26.787775+02:00","extra":{}}
{"message":"SELECT COUNT(*) FROM `inscription`","context":{"context":"Database","part":"prepareAndFetchColumn","extra":null},"level":200,"level_name":"INFO","channel":"s5eba88171e3f4","datetime":"2020-05-12T14:11:10.822223+02:00","extra":{}}
{"message":"SELECT COUNT(*) FROM `inscription`","context":{"context":"Database","part":"prepareAndFetchColumn","extra":null},"level":200,"level_name":"INFO","channel":"s5eba88171e3f4","datetime":"2020-05-12T14:23:57.894246+02:00","extra":{}}
{"message":"Route found for /_default/ : controllers\\InscriptionsController/index","context":{"context":"Router","part":"getRouteUrlParts","extra":null},"level":200,"level_name":"INFO","channel":"s5eba88171e3f4","datetime":"2020-05-12T14:25:04.452025+02:00","extra":{}}
{"message":"Route found for /_default/ : controllers\\InscriptionsController/index","context":{"context":"Router","part":"getRouteUrlParts","extra":null},"level":200,"level_name":"INFO","channel":"s5eba88171e3f4","datetime":"2020-05-12T14:25:09.625198+02:00","extra":{}}
{"message":"Route found for /_default/ : controllers\\InscriptionsController/index","context":{"context":"Router","part":"getRouteUrlParts","extra":null},"level":200,"level_name":"INFO","channel":"s5eba88171e3f4","datetime":"2020-05-12T14:25:10.479844+02:00","extra":{}}
{"message":"Route found for /_default/ : controllers\\InscriptionsController/index","context":{"context":"Router","part":"getRouteUrlParts","extra":null},"level":200,"level_name":"INFO","channel":"s5eba88171e3f4","datetime":"2020-05-12T14:25:10.807867+02:00","extra":{}}
{"message":"Route found for /_default/ : controllers\\InscriptionsController/index","context":{"context":"Router","part":"getRouteUrlParts","extra":null},"level":200,"level_name":"INFO","channel":"s5eba88171e3f4","datetime":"2020-05-12T14:25:11.076105+02:00","extra":{}}
{"message":"Route found for /_default/ : controllers\\InscriptionsController/index","context":{"context":"Router","part":"getRouteUrlParts","extra":null},"level":200,"level_name":"INFO","channel":"s5eba88171e3f4","datetime":"2020-05-12T14:25:11.650226+02:00","extra":{}}
{"message":"Route found for /_default/ : controllers\\InscriptionsController/index","context":{"context":"Router","part":"getRouteUrlParts","extra":null},"level":200,"level_name":"INFO","channel":"s5eba88171e3f4","datetime":"2020-05-12T14:25:13.398328+02:00","extra":{}}
{"message":"Route found for /_default/ : controllers\\InscriptionsController/index","context":{"context":"Router","part":"getRouteUrlParts","extra":null},"level":200,"level_name":"INFO","channel":"s5eba88171e3f4","datetime":"2020-05-12T14:25:15.125674+02:00","extra":{}}
{"message":"Route found for /_default/ : controllers\\InscriptionsController/index","context":{"context":"Router","part":"getRouteUrlParts","extra":null},"level":200,"level_name":"INFO","channel":"s5eba88171e3f4","datetime":"2020-05-12T14:25:16.990659+02:00","extra":{}}
{"message":"Route found for /_default/ : controllers\\InscriptionsController/index","context":{"context":"Router","part":"getRouteUrlParts","extra":null},"level":200,"level_name":"INFO","channel":"s5eba88171e3f4","datetime":"2020-05-12T14:25:18.867155+02:00","extra":{}}
{"message":"Route found for /_default/ : controllers\\InscriptionsController/index","context":{"context":"Router","part":"getRouteUrlParts","extra":null},"level":200,"level_name":"INFO","channel":"s5eba88171e3f4","datetime":"2020-05-12T14:25:34.051083+02:00","extra":{}}
{"message":"Route found for /_default/ : controllers\\InscriptionsController/index","context":{"context":"Router","part":"getRouteUrlParts","extra":null},"level":200,"level_name":"INFO","channel":"s5eba88171e3f4","datetime":"2020-05-12T14:25:35.108429+02:00","extra":{}}
{"message":"Route found for /_default/ : controllers\\InscriptionsController/index","context":{"context":"Router","part":"getRouteUrlParts","extra":null},"level":200,"level_name":"INFO","channel":"s5eba88171e3f4","datetime":"2020-05-12T14:25:38.032421+02:00","extra":{}}
{"message":"Route found for /_default/ : controllers\\InscriptionsController/index","context":{"context":"Router","part":"getRouteUrlParts","extra":null},"level":200,"level_name":"INFO","channel":"s5eba88171e3f4","datetime":"2020-05-12T14:25:38.245765+02:00","extra":{}}
{"message":"Route found for /_default/ : controllers\\InscriptionsController/index","context":{"context":"Router","part":"getRouteUrlParts","extra":null},"level":200,"level_name":"INFO","channel":"s5eba88171e3f4","datetime":"2020-05-12T14:25:38.506535+02:00","extra":{}}
{"message":"Route found for /_default/ : controllers\\InscriptionsController/index","context":{"context":"Router","part":"getRouteUrlParts","extra":null},"level":200,"level_name":"INFO","channel":"s5eba88171e3f4","datetime":"2020-05-12T14:25:38.707132+02:00","extra":{}}
{"message":"Route found for /_default/ : controllers\\InscriptionsController/index","context":{"context":"Router","part":"getRouteUrlParts","extra":null},"level":200,"level_name":"INFO","channel":"s5eba88171e3f4","datetime":"2020-05-12T14:25:38.906023+02:00","extra":{}}
{"message":"Route found for /_default/ : controllers\\InscriptionsController/index","context":{"context":"Router","part":"getRouteUrlParts","extra":null},"level":200,"level_name":"INFO","channel":"s5eba88171e3f4","datetime":"2020-05-12T14:25:39.093970+02:00","extra":{}}
{"message":"Route found for /_default/ : controllers\\InscriptionsController/index","context":{"context":"Router","part":"getRouteUrlParts","extra":null},"level":200,"level_name":"INFO","channel":"s5eba88171e3f4","datetime":"2020-05-12T14:25:39.294939+02:00","extra":{}}
{"message":"Route found for /_default/ : controllers\\InscriptionsController/index","context":{"context":"Router","part":"getRouteUrlParts","extra":null},"level":200,"level_name":"INFO","channel":"s5eba88171e3f4","datetime":"2020-05-12T14:25:39.501824+02:00","extra":{}}
{"message":"Route found for /_default/ : controllers\\InscriptionsController/index","context":{"context":"Router","part":"getRouteUrlParts","extra":null},"level":200,"level_name":"INFO","channel":"s5eba88171e3f4","datetime":"2020-05-12T14:25:39.693795+02:00","extra":{}}
{"message":"Route found for /_default/ : controllers\\InscriptionsController/index","context":{"context":"Router","part":"getRouteUrlParts","extra":null},"level":200,"level_name":"INFO","channel":"s5eba88171e3f4","datetime":"2020-05-12T14:25:41.162026+02:00","extra":{}}
{"message":"Route found for /_default/ : controllers\\InscriptionsController/index","context":{"context":"Router","part":"getRouteUrlParts","extra":null},"level":200,"level_name":"INFO","channel":"s5eba88171e3f4","datetime":"2020-05-12T14:25:41.308023+02:00","extra":{}}
{"message":"Route found for /_default/ : controllers\\InscriptionsController/index","context":{"context":"Router","part":"getRouteUrlParts","extra":null},"level":200,"level_name":"INFO","channel":"s5eba88171e3f4","datetime":"2020-05-12T14:25:41.479468+02:00","extra":{}}
{"message":"Route found for /_default/ : controllers\\InscriptionsController/index","context":{"context":"Router","part":"getRouteUrlParts","extra":null},"level":200,"level_name":"INFO","channel":"s5eba88171e3f4","datetime":"2020-05-12T14:25:41.645780+02:00","extra":{}}
{"message":"Route found for /_default/ : controllers\\InscriptionsController/index","context":{"context":"Router","part":"getRouteUrlParts","extra":null},"level":200,"level_name":"INFO","channel":"s5eba88171e3f4","datetime":"2020-05-12T14:25:41.827714+02:00","extra":{}}
{"message":"Route found for /_default/ : controllers\\InscriptionsController/index","context":{"context":"Router","part":"getRouteUrlParts","extra":null},"level":200,"level_name":"INFO","channel":"s5eba88171e3f4","datetime":"2020-05-12T14:26:05.909015+02:00","extra":{}}
{"message":"Route found for /_default/ : controllers\\InscriptionsController/index","context":{"context":"Router","part":"getRouteUrlParts","extra":null},"level":200,"level_name":"INFO","channel":"s5eba88171e3f4","datetime":"2020-05-12T14:26:44.309162+02:00","extra":{}}
{"message":"Route found for /_default/ : controllers\\InscriptionsController/index","context":{"context":"Router","part":"getRouteUrlParts","extra":null},"level":200,"level_name":"INFO","channel":"s5eba88171e3f4","datetime":"2020-05-12T14:27:03.291877+02:00","extra":{}}
{"message":"Route found for /_default/ : controllers\\InscriptionsController/index","context":{"context":"Router","part":"getRouteUrlParts","extra":null},"level":200,"level_name":"INFO","channel":"s5eba88171e3f4","datetime":"2020-05-12T14:27:47.382621+02:00","extra":{}}
{"message":"Route found for /_default/ : controllers\\InscriptionsController/index","context":{"context":"Router","part":"getRouteUrlParts","extra":null},"level":200,"level_name":"INFO","channel":"s5eba88171e3f4","datetime":"2020-05-12T14:28:56.797361+02:00","extra":{}}
{"message":"Route found for /_default/ : controllers\\InscriptionsController/index","context":{"context":"Router","part":"getRouteUrlParts","extra":null},"level":200,"level_name":"INFO","channel":"s5eba88171e3f4","datetime":"2020-05-12T14:29:10.479408+02:00","extra":{}}
{"message":"The controller `controllers\\Inscription` doesn't exists! <br/>","context":{"context":"Startup","part":"runAction","extra":null},"level":300,"level_name":"WARNING","channel":"s5eba88171e3f4","datetime":"2020-05-12T14:29:11.777075+02:00","extra":{}}
{"message":"Route found for /_default/ : controllers\\InscriptionsController/index","context":{"context":"Router","part":"getRouteUrlParts","extra":null},"level":200,"level_name":"INFO","channel":"s5eba88171e3f4","datetime":"2020-05-12T14:29:15.561199+02:00","extra":{}}
{"message":"Route found for /_default/ : controllers\\InscriptionsController/index","context":{"context":"Router","part":"getRouteUrlParts","extra":null},"level":200,"level_name":"INFO","channel":"s5eba88171e3f4","datetime":"2020-05-12T14:29:43.458411+02:00","extra":{}}
{"message":"The controller `controllers\\Inscription` doesn't exists! <br/>","context":{"context":"Startup","part":"runAction","extra":null},"level":300,"level_name":"WARNING","channel":"s5eba88171e3f4","datetime":"2020-05-12T14:29:44.819855+02:00","extra":{}}
{"message":"Route found for /_default/ : controllers\\InscriptionsController/index","context":{"context":"Router","part":"getRouteUrlParts","extra":null},"level":200,"level_name":"INFO","channel":"s5eba88171e3f4","datetime":"2020-05-12T14:29:45.875965+02:00","extra":{}}
{"message":"Route found for /_default/ : controllers\\InscriptionsController/index","context":{"context":"Router","part":"getRouteUrlParts","extra":null},"level":200,"level_name":"INFO","channel":"s5eba88171e3f4","datetime":"2020-05-12T14:31:35.725678+02:00","extra":{}}
{"message":"Route found for /_default/ : controllers\\InscriptionsController/index","context":{"context":"Router","part":"getRouteUrlParts","extra":null},"level":200,"level_name":"INFO","channel":"s5eba88171e3f4","datetime":"2020-05-12T14:31:55.410952+02:00","extra":{}}
{"message":"The controller `controllers\\Inscription` doesn't exists! <br/>","context":{"context":"Startup","part":"runAction","extra":null},"level":300,"level_name":"WARNING","channel":"s5eba88171e3f4","datetime":"2020-05-12T14:32:16.030027+02:00","extra":{}}
{"message":"Route found for /_default/ : controllers\\InscriptionsController/index","context":{"context":"Router","part":"getRouteUrlParts","extra":null},"level":200,"level_name":"INFO","channel":"s5eba88171e3f4","datetime":"2020-05-12T14:32:17.939317+02:00","extra":{}}
{"message":"Route found for /_default/ : controllers\\InscriptionsController/index","context":{"context":"Router","part":"getRouteUrlParts","extra":null},"level":200,"level_name":"INFO","channel":"s5eba88171e3f4","datetime":"2020-05-12T14:32:50.242831+02:00","extra":{}}
{"message":"Route found for /inscription/ : controllers\\InscriptionsController/button","context":{"context":"Router","part":"getRouteUrlParts","extra":null},"level":200,"level_name":"INFO","channel":"s5eba88171e3f4","datetime":"2020-05-12T14:32:51.638907+02:00","extra":{}}
{"message":"Route found for /_default/ : controllers\\InscriptionsController/index","context":{"context":"Router","part":"getRouteUrlParts","extra":null},"level":200,"level_name":"INFO","channel":"s5eba88171e3f4","datetime":"2020-05-12T14:32:54.298791+02:00","extra":{}}
{"message":"Route found for /_default/ : controllers\\InscriptionsController/index","context":{"context":"Router","part":"getRouteUrlParts","extra":null},"level":200,"level_name":"INFO","channel":"s5eba88171e3f4","datetime":"2020-05-12T14:33:05.127965+02:00","extra":{}}
{"message":"Route found for /inscription/ : controllers\\InscriptionsController/button","context":{"context":"Router","part":"getRouteUrlParts","extra":null},"level":200,"level_name":"INFO","channel":"s5eba88171e3f4","datetime":"2020-05-12T14:33:06.183254+02:00","extra":{}}
{"message":"Route found for /_default/ : controllers\\InscriptionsController/index","context":{"context":"Router","part":"getRouteUrlParts","extra":null},"level":200,"level_name":"INFO","channel":"s5eba88171e3f4","datetime":"2020-05-12T14:33:07.758377+02:00","extra":{}}
{"message":"Route found for /inscription/ : controllers\\InscriptionsController/button","context":{"context":"Router","part":"getRouteUrlParts","extra":null},"level":200,"level_name":"INFO","channel":"s5eba88171e3f4","datetime":"2020-05-12T14:35:51.621708+02:00","extra":{}}
{"message":"Route found for /inscription/ : controllers\\InscriptionsController/button","context":{"context":"Router","part":"getRouteUrlParts","extra":null},"level":200,"level_name":"INFO","channel":"s5eba88171e3f4","datetime":"2020-05-12T14:35:55.551560+02:00","extra":{}}
{"message":"Route found for /inscription/ : controllers\\InscriptionsController/button","context":{"context":"Router","part":"getRouteUrlParts","extra":null},"level":200,"level_name":"INFO","channel":"s5eba88171e3f4","datetime":"2020-05-12T14:35:56.666150+02:00","extra":{}}
{"message":"SELECT COUNT(*) FROM `inscription`","context":{"context":"Database","part":"prepareAndFetchColumn","extra":null},"level":200,"level_name":"INFO","channel":"s5eba88171e3f4","datetime":"2020-05-12T14:37:24.583307+02:00","extra":{}}
{"message":"SELECT COUNT(*) FROM `inscription`","context":{"context":"Database","part":"prepareAndFetchColumn","extra":null},"level":200,"level_name":"INFO","channel":"s5eba88171e3f4","datetime":"2020-05-12T14:37:33.385057+02:00","extra":{}}
{"message":"Route found for /inscription/ : controllers\\InscriptionsController/button","context":{"context":"Router","part":"getRouteUrlParts","extra":null},"level":200,"level_name":"INFO","channel":"s5eba88171e3f4","datetime":"2020-05-12T14:38:00.373777+02:00","extra":{}}
{"message":"Route found for /inscription/ : controllers\\InscriptionsController/button","context":{"context":"Router","part":"getRouteUrlParts","extra":null},"level":200,"level_name":"INFO","channel":"s5eba88171e3f4","datetime":"2020-05-12T14:38:01.753253+02:00","extra":{}}
{"message":"Route found for /inscription/ : controllers\\InscriptionsController/button","context":{"context":"Router","part":"getRouteUrlParts","extra":null},"level":200,"level_name":"INFO","channel":"s5eba88171e3f4","datetime":"2020-05-12T14:38:02.261376+02:00","extra":{}}
{"message":"Route found for /inscription/ : controllers\\InscriptionsController/button","context":{"context":"Router","part":"getRouteUrlParts","extra":null},"level":200,"level_name":"INFO","channel":"s5eba88171e3f4","datetime":"2020-05-12T14:38:02.618775+02:00","extra":{}}
{"message":"Route found for /inscription/ : controllers\\InscriptionsController/button","context":{"context":"Router","part":"getRouteUrlParts","extra":null},"level":200,"level_name":"INFO","channel":"s5eba88171e3f4","datetime":"2020-05-12T14:38:02.982492+02:00","extra":{}}
{"message":"Route found for /inscription/ : controllers\\InscriptionsController/button","context":{"context":"Router","part":"getRouteUrlParts","extra":null},"level":200,"level_name":"INFO","channel":"s5eba88171e3f4","datetime":"2020-05-12T14:38:03.270124+02:00","extra":{}}
{"message":"Route found for /inscription/ : controllers\\InscriptionsController/button","context":{"context":"Router","part":"getRouteUrlParts","extra":null},"level":200,"level_name":"INFO","channel":"s5eba88171e3f4","datetime":"2020-05-12T14:38:03.563053+02:00","extra":{}}
{"message":"Route found for /inscription/ : controllers\\InscriptionsController/button","context":{"context":"Router","part":"getRouteUrlParts","extra":null},"level":200,"level_name":"INFO","channel":"s5eba88171e3f4","datetime":"2020-05-12T14:38:46.559555+02:00","extra":{}}
{"message":"Route found for /inscription/ : controllers\\InscriptionsController/button","context":{"context":"Router","part":"getRouteUrlParts","extra":null},"level":200,"level_name":"INFO","channel":"s5eba88171e3f4","datetime":"2020-05-12T14:41:15.144255+02:00","extra":{}}
{"message":"Route found for /inscription/ : controllers\\InscriptionsController/button","context":{"context":"Router","part":"getRouteUrlParts","extra":null},"level":200,"level_name":"INFO","channel":"s5eba88171e3f4","datetime":"2020-05-12T14:41:48.309208+02:00","extra":{}}
